Using pre-set license
Built from '2020.3/staging' branch; Version is '2020.3.25f1 (9b9180224418) revision 10195328'; Using compiler version '192528614'; Build Type 'Release'
OS: 'Windows 10  (10.0.19044) 64bit Professional' Language: 'ru' Physical Memory: 16304 MB
BatchMode: 1, IsHumanControllingUs: 0, StartBugReporterOnCrash: 0, Is64bit: 1, IsPro: 0

COMMAND LINE ARGUMENTS:
C:\Program Files\Unity\Hub\Editor\2020.3.25f1\Editor\Unity.exe
-adb2
-batchMode
-noUpm
-name
AssetImportWorker0
-projectPath
C:/Users/fromhere1989/JohnLemon
-logFile
Logs/AssetImportWorker0.log
-srvPort
55368
Successfully changed project path to: C:/Users/fromhere1989/JohnLemon
C:/Users/fromhere1989/JohnLemon
Using Asset Import Pipeline V2.
Refreshing native plugins compatible for Editor in 128.15 ms, found 3 plugins.
Preloading 0 native plugins for Editor in 0.00 ms.
Initialize engine version: 2020.3.25f1 (9b9180224418)
[Subsystems] Discovering subsystems at path C:/Program Files/Unity/Hub/Editor/2020.3.25f1/Editor/Data/Resources/UnitySubsystems
[Subsystems] Discovering subsystems at path C:/Users/fromhere1989/JohnLemon/Assets
GfxDevice: creating device client; threaded=0
Direct3D:
    Version:  Direct3D 11.0 [level 11.0]
    Renderer: NVIDIA GeForce GTX 550 Ti (ID=0x1244)
    Vendor:   
    VRAM:     977 MB
    Driver:   23.21.13.8813
Initialize mono
Mono path[0] = 'C:/Program Files/Unity/Hub/Editor/2020.3.25f1/Editor/Data/Managed'
Mono path[1] = 'C:/Program Files/Unity/Hub/Editor/2020.3.25f1/Editor/Data/MonoBleedingEdge/lib/mono/unityjit'
Mono config path = 'C:/Program Files/Unity/Hub/Editor/2020.3.25f1/Editor/Data/MonoBleedingEdge/etc'
Using monoOptions --debugger-agent=transport=dt_socket,embedding=1,server=y,suspend=n,address=127.0.0.1:56564
Begin MonoManager ReloadAssembly
Registering precompiled unity dll's ...
Register platform support module: C:/Program Files/Unity/Hub/Editor/2020.3.25f1/Editor/Data/PlaybackEngines/WebGLSupport/UnityEditor.WebGL.Extensions.dll
Register platform support module: C:/Program Files/Unity/Hub/Editor/2020.3.25f1/Editor/Data/PlaybackEngines/WindowsStandaloneSupport/UnityEditor.WindowsStandalone.Extensions.dll
Registered in 0.002698 seconds.
Native extension for WindowsStandalone target not found
Native extension for WebGL target not found
Refreshing native plugins compatible for Editor in 98.47 ms, found 3 plugins.
Preloading 0 native plugins for Editor in 0.00 ms.
Mono: successfully reloaded assembly
- Completed reload, in  1.063 seconds
Domain Reload Profiling:
	ReloadAssembly (1063ms)
		BeginReloadAssembly (93ms)
			ExecutionOrderSort (0ms)
			DisableScriptedObjects (0ms)
			BackupInstance (0ms)
			ReleaseScriptingObjects (0ms)
			CreateAndSetChildDomain (1ms)
		EndReloadAssembly (839ms)
			LoadAssemblies (92ms)
			RebuildTransferFunctionScriptingTraits (0ms)
			SetupTypeCache (274ms)
			ReleaseScriptCaches (0ms)
			RebuildScriptCaches (57ms)
			SetupLoadedEditorAssemblies (333ms)
				LogAssemblyErrors (0ms)
				InitializePlatformSupportModulesInManaged (9ms)
				SetLoadedEditorAssemblies (0ms)
				RefreshPlugins (99ms)
				BeforeProcessingInitializeOnLoad (17ms)
				ProcessInitializeOnLoadAttributes (155ms)
				ProcessInitializeOnLoadMethodAttributes (52ms)
				AfterProcessingInitializeOnLoad (0ms)
				EditorAssembliesLoaded (1ms)
			ExecutionOrderSort2 (0ms)
			AwakeInstancesAfterBackupRestoration (0ms)
Platform modules already initialized, skipping
Registering precompiled user dll's ...
Registered in 0.011925 seconds.
Begin MonoManager ReloadAssembly
Native extension for WindowsStandalone target not found
Native extension for WebGL target not found
Refreshing native plugins compatible for Editor in 1.75 ms, found 3 plugins.
Preloading 0 native plugins for Editor in 0.00 ms.
Refreshing native plugins compatible for Editor in 1.68 ms, found 3 plugins.
Mono: successfully reloaded assembly
- Completed reload, in  2.448 seconds
Domain Reload Profiling:
	ReloadAssembly (2449ms)
		BeginReloadAssembly (252ms)
			ExecutionOrderSort (0ms)
			DisableScriptedObjects (9ms)
			BackupInstance (0ms)
			ReleaseScriptingObjects (0ms)
			CreateAndSetChildDomain (27ms)
		EndReloadAssembly (2089ms)
			LoadAssemblies (160ms)
			RebuildTransferFunctionScriptingTraits (0ms)
			SetupTypeCache (556ms)
			ReleaseScriptCaches (1ms)
			RebuildScriptCaches (104ms)
			SetupLoadedEditorAssemblies (1084ms)
				LogAssemblyErrors (0ms)
				InitializePlatformSupportModulesInManaged (10ms)
				SetLoadedEditorAssemblies (1ms)
				RefreshPlugins (2ms)
				BeforeProcessingInitializeOnLoad (117ms)
				ProcessInitializeOnLoadAttributes (886ms)
				ProcessInitializeOnLoadMethodAttributes (62ms)
				AfterProcessingInitializeOnLoad (6ms)
				EditorAssembliesLoaded (0ms)
			ExecutionOrderSort2 (0ms)
			AwakeInstancesAfterBackupRestoration (13ms)
Platform modules already initialized, skipping
========================================================================
Worker process is ready to serve import requests
Launched and connected shader compiler UnityShaderCompiler.exe after 0.05 seconds
Refreshing native plugins compatible for Editor in 1.56 ms, found 3 plugins.
Preloading 0 native plugins for Editor in 0.00 ms.
Unloading 2328 Unused Serialized files (Serialized files now loaded: 0)
System memory in use before: 172.6 MB.
System memory in use after: 172.8 MB.

Unloading 92 unused Assets to reduce memory usage. Loaded Objects now: 2704.
Total: 5.941300 ms (FindLiveObjects: 0.272600 ms CreateObjectMapping: 0.161100 ms MarkObjects: 5.361300 ms  DeleteObjects: 0.144100 ms)

AssetImportParameters requested are different than current active one (requested -> active):
  custom:framework-win-MediaFoundation: 216162199b28c13a410421893ffa2e32 -> 
  custom:video-decoder-ogg-theora: a1e56fd34408186e4bbccfd4996cb3dc -> 
  custom:container-muxer-webm: aa71ff27fc2769a1b78a27578f13a17b -> 
  custom:container-demuxer-webm: 4f35f7cbe854078d1ac9338744f61a02 -> 
  custom:container-demuxer-ogg: 62fdf1f143b41e24485cea50d1cbac27 -> 
  custom:video-encoder-webm-vp8: eb34c28f22e8b96e1ab97ce403110664 -> 
  custom:video-decoder-webm-vp8: 9c59270c3fd7afecdb556c50c9e8de78 -> 
  custom:audio-decoder-ogg-vorbis: bf7c407c2cedff20999df2af8eb42d56 -> 
  custom:audio-encoder-webm-vorbis: bf7c407c2cedff20999df2af8eb42d56 -> 
========================================================================
Received Import Request.
  path: Assets/PostWwiseEvent.cs
  artifactKey: Guid(cdd55564c544ab248b0928846d7d2e8c) Importer(815301076,1909f56bfc062723c751e8b465ee728b)
Start importing Assets/PostWwiseEvent.cs using Guid(cdd55564c544ab248b0928846d7d2e8c) Importer(815301076,1909f56bfc062723c751e8b465ee728b)  -> (artifact id: '74bb6721f9c82fc887cfc5fef674a22a') in 0.028263 seconds 
  Import took 0.033448 seconds .

========================================================================
Received Import Request.
  Time since last request: 155.481865 seconds.
  path: Assets/PostWwiseEvent.cs
  artifactKey: Guid(cdd55564c544ab248b0928846d7d2e8c) Importer(815301076,1909f56bfc062723c751e8b465ee728b)
Start importing Assets/PostWwiseEvent.cs using Guid(cdd55564c544ab248b0928846d7d2e8c) Importer(815301076,1909f56bfc062723c751e8b465ee728b)  -> (artifact id: '4c406a179f1db082bd92f2eedb7962d4') in 0.001923 seconds 
  Import took 0.008924 seconds .

========================================================================
Received Prepare
Registering precompiled user dll's ...
Registered in 0.011124 seconds.
Begin MonoManager ReloadAssembly
Native extension for WindowsStandalone target not found
Native extension for WebGL target not found
Refreshing native plugins compatible for Editor in 1.71 ms, found 3 plugins.
Preloading 0 native plugins for Editor in 0.00 ms.
Mono: successfully reloaded assembly
- Completed reload, in  2.217 seconds
Domain Reload Profiling:
	ReloadAssembly (2218ms)
		BeginReloadAssembly (183ms)
			ExecutionOrderSort (0ms)
			DisableScriptedObjects (11ms)
			BackupInstance (0ms)
			ReleaseScriptingObjects (0ms)
			CreateAndSetChildDomain (61ms)
		EndReloadAssembly (1928ms)
			LoadAssemblies (159ms)
			RebuildTransferFunctionScriptingTraits (0ms)
			SetupTypeCache (542ms)
			ReleaseScriptCaches (1ms)
			RebuildScriptCaches (83ms)
			SetupLoadedEditorAssemblies (934ms)
				LogAssemblyErrors (0ms)
				InitializePlatformSupportModulesInManaged (10ms)
				SetLoadedEditorAssemblies (1ms)
				RefreshPlugins (2ms)
				BeforeProcessingInitializeOnLoad (102ms)
				ProcessInitializeOnLoadAttributes (759ms)
				ProcessInitializeOnLoadMethodAttributes (54ms)
				AfterProcessingInitializeOnLoad (6ms)
				EditorAssembliesLoaded (0ms)
			ExecutionOrderSort2 (0ms)
			AwakeInstancesAfterBackupRestoration (13ms)
Platform modules already initialized, skipping
Refreshing native plugins compatible for Editor in 1.81 ms, found 3 plugins.
Preloading 0 native plugins for Editor in 0.00 ms.
Unloading 2288 Unused Serialized files (Serialized files now loaded: 0)
System memory in use before: 169.4 MB.
System memory in use after: 169.7 MB.

Unloading 83 unused Assets to reduce memory usage. Loaded Objects now: 2706.
Total: 5.856300 ms (FindLiveObjects: 0.262000 ms CreateObjectMapping: 0.168000 ms MarkObjects: 5.368600 ms  DeleteObjects: 0.055800 ms)

AssetImportParameters requested are different than current active one (requested -> active):
  custom:framework-win-MediaFoundation: 216162199b28c13a410421893ffa2e32 -> 
  custom:video-decoder-ogg-theora: a1e56fd34408186e4bbccfd4996cb3dc -> 
  custom:container-muxer-webm: aa71ff27fc2769a1b78a27578f13a17b -> 
  custom:container-demuxer-webm: 4f35f7cbe854078d1ac9338744f61a02 -> 
  custom:container-demuxer-ogg: 62fdf1f143b41e24485cea50d1cbac27 -> 
  custom:video-encoder-webm-vp8: eb34c28f22e8b96e1ab97ce403110664 -> 
  custom:video-decoder-webm-vp8: 9c59270c3fd7afecdb556c50c9e8de78 -> 
  custom:audio-decoder-ogg-vorbis: bf7c407c2cedff20999df2af8eb42d56 -> 
  custom:audio-encoder-webm-vorbis: bf7c407c2cedff20999df2af8eb42d56 -> 
========================================================================
Received Import Request.
  Time since last request: 42.294284 seconds.
  path: Assets/Models
  artifactKey: Guid(5c22133398df5aa4eba6d956857390aa) Importer(815301076,1909f56bfc062723c751e8b465ee728b)
Start importing Assets/Models using Guid(5c22133398df5aa4eba6d956857390aa) Importer(815301076,1909f56bfc062723c751e8b465ee728b)  -> (artifact id: 'b2c4b95ee7d6081d5d0d83ccdb18b844') in 0.006595 seconds 
  Import took 0.012059 seconds .

========================================================================
Received Prepare
Registering precompiled user dll's ...
Registered in 0.011133 seconds.
Begin MonoManager ReloadAssembly
Native extension for WindowsStandalone target not found
Native extension for WebGL target not found
Refreshing native plugins compatible for Editor in 1.72 ms, found 3 plugins.
Preloading 0 native plugins for Editor in 0.00 ms.
Mono: successfully reloaded assembly
- Completed reload, in  2.271 seconds
Domain Reload Profiling:
	ReloadAssembly (2272ms)
		BeginReloadAssembly (188ms)
			ExecutionOrderSort (0ms)
			DisableScriptedObjects (11ms)
			BackupInstance (0ms)
			ReleaseScriptingObjects (0ms)
			CreateAndSetChildDomain (73ms)
		EndReloadAssembly (1977ms)
			LoadAssemblies (154ms)
			RebuildTransferFunctionScriptingTraits (0ms)
			SetupTypeCache (558ms)
			ReleaseScriptCaches (2ms)
			RebuildScriptCaches (100ms)
			SetupLoadedEditorAssemblies (933ms)
				LogAssemblyErrors (0ms)
				InitializePlatformSupportModulesInManaged (10ms)
				SetLoadedEditorAssemblies (1ms)
				RefreshPlugins (2ms)
				BeforeProcessingInitializeOnLoad (103ms)
				ProcessInitializeOnLoadAttributes (757ms)
				ProcessInitializeOnLoadMethodAttributes (53ms)
				AfterProcessingInitializeOnLoad (6ms)
				EditorAssembliesLoaded (0ms)
			ExecutionOrderSort2 (0ms)
			AwakeInstancesAfterBackupRestoration (13ms)
Platform modules already initialized, skipping
Refreshing native plugins compatible for Editor in 1.70 ms, found 3 plugins.
Preloading 0 native plugins for Editor in 0.00 ms.
Unloading 2288 Unused Serialized files (Serialized files now loaded: 0)
System memory in use before: 169.5 MB.
System memory in use after: 169.7 MB.

Unloading 83 unused Assets to reduce memory usage. Loaded Objects now: 2708.
Total: 5.635100 ms (FindLiveObjects: 0.269600 ms CreateObjectMapping: 0.162100 ms MarkObjects: 5.143600 ms  DeleteObjects: 0.057500 ms)

AssetImportParameters requested are different than current active one (requested -> active):
  custom:framework-win-MediaFoundation: 216162199b28c13a410421893ffa2e32 -> 
  custom:video-decoder-ogg-theora: a1e56fd34408186e4bbccfd4996cb3dc -> 
  custom:container-muxer-webm: aa71ff27fc2769a1b78a27578f13a17b -> 
  custom:container-demuxer-webm: 4f35f7cbe854078d1ac9338744f61a02 -> 
  custom:container-demuxer-ogg: 62fdf1f143b41e24485cea50d1cbac27 -> 
  custom:video-encoder-webm-vp8: eb34c28f22e8b96e1ab97ce403110664 -> 
  custom:video-decoder-webm-vp8: 9c59270c3fd7afecdb556c50c9e8de78 -> 
  custom:audio-decoder-ogg-vorbis: bf7c407c2cedff20999df2af8eb42d56 -> 
  custom:audio-encoder-webm-vorbis: bf7c407c2cedff20999df2af8eb42d56 -> 
========================================================================
Received Import Request.
  Time since last request: 1715.211223 seconds.
  path: Assets/Animation/Animation/John_Walk.anim
  artifactKey: Guid(0e7e1190025151844968a00402d0dd90) Importer(815301076,1909f56bfc062723c751e8b465ee728b)
Start importing Assets/Animation/Animation/John_Walk.anim using Guid(0e7e1190025151844968a00402d0dd90) Importer(815301076,1909f56bfc062723c751e8b465ee728b)  -> (artifact id: 'e80cdad247c82ba81ea4738631b846ca') in 0.150243 seconds 
  Import took 0.157107 seconds .

========================================================================
Received Import Request.
  Time since last request: 206.231491 seconds.
  path: Assets/Prefabs/JohnLemon.prefab
  artifactKey: Guid(b4af6e94953fa0f4498c168c9616848f) Importer(815301076,1909f56bfc062723c751e8b465ee728b)
Start importing Assets/Prefabs/JohnLemon.prefab using Guid(b4af6e94953fa0f4498c168c9616848f) Importer(815301076,1909f56bfc062723c751e8b465ee728b)  -> (artifact id: 'f37241be1b1851af328df1921af43f1b') in 0.166509 seconds 
  Import took 0.172603 seconds .

========================================================================
Received Import Request.
  Time since last request: 14.114500 seconds.
  path: Assets/Animation/Animation
  artifactKey: Guid(16c12986779f71343a6e6759d132b35e) Importer(815301076,1909f56bfc062723c751e8b465ee728b)
Start importing Assets/Animation/Animation using Guid(16c12986779f71343a6e6759d132b35e) Importer(815301076,1909f56bfc062723c751e8b465ee728b)  -> (artifact id: '0855df43b2a6b466047a4b4cb3967930') in 0.002184 seconds 
  Import took 0.008357 seconds .

========================================================================
Received Import Request.
  Time since last request: 46.583463 seconds.
  path: Assets/Animation/Animators/JohnLemon.controller
  artifactKey: Guid(9f887d9e3dae85d40b31766ee5160c93) Importer(815301076,1909f56bfc062723c751e8b465ee728b)
Start importing Assets/Animation/Animators/JohnLemon.controller using Guid(9f887d9e3dae85d40b31766ee5160c93) Importer(815301076,1909f56bfc062723c751e8b465ee728b)  -> (artifact id: 'b474300c66f8af89d292f406665024c2') in 0.014273 seconds 
  Import took 0.020556 seconds .

========================================================================
Received Prepare
Registering precompiled user dll's ...
Registered in 0.013728 seconds.
Begin MonoManager ReloadAssembly
Native extension for WindowsStandalone target not found
Native extension for WebGL target not found
Refreshing native plugins compatible for Editor in 1.69 ms, found 3 plugins.
Preloading 0 native plugins for Editor in 0.00 ms.
DisplayProgressbar: Populating Wwise Picker
System.NullReferenceException: Object reference not set to an instance of an object
  at WwiseObjectReference.FetchAssetsOfType (WwiseObjectType wwiseObjectType) [0x0004b] in C:\Users\fromhere1989\JohnLemon_WwiseIntegrationTemp\Assets\Wwise\API\Runtime\WwiseTypes\WwiseObjects\WwiseObjectReference.cs:145 
  at WwiseObjectReference.FindExistingWwiseObject (WwiseObjectType wwiseObjectType, System.Guid guid, System.String path) [0x00031] in C:\Users\fromhere1989\JohnLemon_WwiseIntegrationTemp\Assets\Wwise\API\Runtime\WwiseTypes\WwiseObjects\WwiseObjectReference.cs:121 
  at WwiseObjectReference.UpdateWwiseObject (WwiseObjectType wwiseObjectType, System.String name, System.Guid guid) [0x00012] in C:\Users\fromhere1989\JohnLemon_WwiseIntegrationTemp\Assets\Wwise\API\Runtime\WwiseTypes\WwiseObjects\WwiseObjectReference.cs:210 
  at AkWwiseWWUBuilder.FlagForInsertion (AkWwiseProjectData+AkBaseInformation info, WwiseObjectType type) [0x00035] in C:\Users\fromhere1989\JohnLemon\Assets\Wwise\API\Editor\WwiseWindows\AkWwiseWWUBuilder.cs:359 
  at AkWwiseWWUBuilder.AddElementToList (System.String in_currentPathInProj, System.Xml.XmlReader in_reader, AkWwiseWWUBuilder+AssetType in_type, System.Collections.Generic.LinkedList`1[T] in_pathAndIcons, System.Int32 in_wwuIndex, WwiseObjectType in_LeafType) [0x000aa] in C:\Users\fromhere1989\JohnLemon\Assets\Wwise\API\Editor\WwiseWindows\AkWwiseWWUBuilder.cs:665 
  at AkWwiseWWUBuilder.RecurseWorkUnit (AkWwiseWWUBuilder+AssetType in_type, System.IO.FileInfo in_workUnit, System.String in_currentPathInProj, System.String in_currentPhysicalPath, System.Collections.Generic.LinkedList`1[T] in_pathAndIcons, System.String in_parentPath) [0x00390] in C:\Users\fromhere1989\JohnLemon\Assets\Wwise\API\Editor\WwiseWindows\AkWwiseWWUBuilder.cs:256 
UnityEngine.StackTraceUtility:ExtractStackTrace ()
UnityEngine.DebugLogHandler:LogFormat (UnityEngine.LogType,UnityEngine.Object,string,object[])
UnityEngine.Logger:Log (UnityEngine.LogType,object)
UnityEngine.Debug:LogError (object)
AkWwiseWWUBuilder:RecurseWorkUnit (AkWwiseWWUBuilder/AssetType,System.IO.FileInfo,string,string,System.Collections.Generic.LinkedList`1<AkWwiseProjectData/PathElement>,string) (at Assets/Wwise/API/Editor/WwiseWindows/AkWwiseWWUBuilder.cs:268)
AkWwiseWWUBuilder:UpdateWorkUnit (string,string,string) (at Assets/Wwise/API/Editor/WwiseWindows/AkWwiseWWUBuilder.cs:896)
AkWwiseWWUBuilder:CreateWorkUnit (string,string,string) (at Assets/Wwise/API/Editor/WwiseWindows/AkWwiseWWUBuilder.cs:876)
AkWwiseWWUBuilder:UpdateFiles () (at Assets/Wwise/API/Editor/WwiseWindows/AkWwiseWWUBuilder.cs:483)
AkWwiseWWUBuilder:InitializeWwiseProjectData () (at Assets/Wwise/API/Editor/WwiseWindows/AkWwiseWWUBuilder.cs:84)
AkWwiseWWUBuilder:.cctor () (at Assets/Wwise/API/Editor/WwiseWindows/AkWwiseWWUBuilder.cs:29)
System.Runtime.CompilerServices.RuntimeHelpers:RunClassConstructor (System.RuntimeTypeHandle)
UnityEditor.EditorAssemblies:ProcessInitializeOnLoadAttributes (System.Type[])

(Filename: Assets/Wwise/API/Editor/WwiseWindows/AkWwiseWWUBuilder.cs Line: 268)

System.NullReferenceException: Object reference not set to an instance of an object
  at WwiseObjectReference.FetchAssetsOfType (WwiseObjectType wwiseObjectType) [0x0004b] in C:\Users\fromhere1989\JohnLemon_WwiseIntegrationTemp\Assets\Wwise\API\Runtime\WwiseTypes\WwiseObjects\WwiseObjectReference.cs:145 
  at WwiseObjectReference.FindExistingWwiseObject (WwiseObjectType wwiseObjectType, System.Guid guid, System.String path) [0x00031] in C:\Users\fromhere1989\JohnLemon_WwiseIntegrationTemp\Assets\Wwise\API\Runtime\WwiseTypes\WwiseObjects\WwiseObjectReference.cs:121 
  at WwiseObjectReference.UpdateWwiseObject (WwiseObjectType wwiseObjectType, System.String name, System.Guid guid) [0x00012] in C:\Users\fromhere1989\JohnLemon_WwiseIntegrationTemp\Assets\Wwise\API\Runtime\WwiseTypes\WwiseObjects\WwiseObjectReference.cs:210 
  at AkWwiseWWUBuilder.FlagForInsertion (AkWwiseProjectData+AkBaseInformation info, WwiseObjectType type) [0x00035] in C:\Users\fromhere1989\JohnLemon\Assets\Wwise\API\Editor\WwiseWindows\AkWwiseWWUBuilder.cs:359 
  at AkWwiseWWUBuilder.AddElementToList (System.String in_currentPathInProj, System.Xml.XmlReader in_reader, AkWwiseWWUBuilder+AssetType in_type, System.Collections.Generic.LinkedList`1[T] in_pathAndIcons, System.Int32 in_wwuIndex, WwiseObjectType in_LeafType) [0x000aa] in C:\Users\fromhere1989\JohnLemon\Assets\Wwise\API\Editor\WwiseWindows\AkWwiseWWUBuilder.cs:665 
  at AkWwiseWWUBuilder.RecurseWorkUnit (AkWwiseWWUBuilder+AssetType in_type, System.IO.FileInfo in_workUnit, System.String in_currentPathInProj, System.String in_currentPhysicalPath, System.Collections.Generic.LinkedList`1[T] in_pathAndIcons, System.String in_parentPath) [0x00390] in C:\Users\fromhere1989\JohnLemon\Assets\Wwise\API\Editor\WwiseWindows\AkWwiseWWUBuilder.cs:256 
UnityEngine.StackTraceUtility:ExtractStackTrace ()
UnityEngine.DebugLogHandler:LogFormat (UnityEngine.LogType,UnityEngine.Object,string,object[])
UnityEngine.Logger:Log (UnityEngine.LogType,object)
UnityEngine.Debug:LogError (object)
AkWwiseWWUBuilder:RecurseWorkUnit (AkWwiseWWUBuilder/AssetType,System.IO.FileInfo,string,string,System.Collections.Generic.LinkedList`1<AkWwiseProjectData/PathElement>,string) (at Assets/Wwise/API/Editor/WwiseWindows/AkWwiseWWUBuilder.cs:268)
AkWwiseWWUBuilder:UpdateWorkUnit (string,string,string) (at Assets/Wwise/API/Editor/WwiseWindows/AkWwiseWWUBuilder.cs:896)
AkWwiseWWUBuilder:CreateWorkUnit (string,string,string) (at Assets/Wwise/API/Editor/WwiseWindows/AkWwiseWWUBuilder.cs:876)
AkWwiseWWUBuilder:UpdateFiles () (at Assets/Wwise/API/Editor/WwiseWindows/AkWwiseWWUBuilder.cs:483)
AkWwiseWWUBuilder:InitializeWwiseProjectData () (at Assets/Wwise/API/Editor/WwiseWindows/AkWwiseWWUBuilder.cs:84)
AkWwiseWWUBuilder:.cctor () (at Assets/Wwise/API/Editor/WwiseWindows/AkWwiseWWUBuilder.cs:29)
System.Runtime.CompilerServices.RuntimeHelpers:RunClassConstructor (System.RuntimeTypeHandle)
UnityEditor.EditorAssemblies:ProcessInitializeOnLoadAttributes (System.Type[])

(Filename: Assets/Wwise/API/Editor/WwiseWindows/AkWwiseWWUBuilder.cs Line: 268)

Mono: successfully reloaded assembly
- Completed reload, in  2.367 seconds
Domain Reload Profiling:
	ReloadAssembly (2368ms)
		BeginReloadAssembly (206ms)
			ExecutionOrderSort (0ms)
			DisableScriptedObjects (12ms)
			BackupInstance (0ms)
			ReleaseScriptingObjects (0ms)
			CreateAndSetChildDomain (85ms)
		EndReloadAssembly (2042ms)
			LoadAssemblies (160ms)
			RebuildTransferFunctionScriptingTraits (0ms)
			SetupTypeCache (553ms)
			ReleaseScriptCaches (1ms)
			RebuildScriptCaches (84ms)
			SetupLoadedEditorAssemblies (1029ms)
				LogAssemblyErrors (0ms)
				InitializePlatformSupportModulesInManaged (10ms)
				SetLoadedEditorAssemblies (1ms)
				RefreshPlugins (2ms)
				BeforeProcessingInitializeOnLoad (106ms)
				ProcessInitializeOnLoadAttributes (844ms)
				ProcessInitializeOnLoadMethodAttributes (60ms)
				AfterProcessingInitializeOnLoad (6ms)
				EditorAssembliesLoaded (0ms)
			ExecutionOrderSort2 (0ms)
			AwakeInstancesAfterBackupRestoration (14ms)
Platform modules already initialized, skipping
Refreshing native plugins compatible for Editor in 2.45 ms, found 3 plugins.
Preloading 0 native plugins for Editor in 0.00 ms.
Unloading 2290 Unused Serialized files (Serialized files now loaded: 0)
System memory in use before: 173.6 MB.
System memory in use after: 173.8 MB.

Unloading 85 unused Assets to reduce memory usage. Loaded Objects now: 2717.
Total: 5.672000 ms (FindLiveObjects: 0.251700 ms CreateObjectMapping: 0.161500 ms MarkObjects: 5.195300 ms  DeleteObjects: 0.061900 ms)

AssetImportParameters requested are different than current active one (requested -> active):
  custom:framework-win-MediaFoundation: 216162199b28c13a410421893ffa2e32 -> 
  custom:video-decoder-ogg-theora: a1e56fd34408186e4bbccfd4996cb3dc -> 
  custom:container-muxer-webm: aa71ff27fc2769a1b78a27578f13a17b -> 
  custom:container-demuxer-webm: 4f35f7cbe854078d1ac9338744f61a02 -> 
  custom:container-demuxer-ogg: 62fdf1f143b41e24485cea50d1cbac27 -> 
  custom:video-encoder-webm-vp8: eb34c28f22e8b96e1ab97ce403110664 -> 
  custom:video-decoder-webm-vp8: 9c59270c3fd7afecdb556c50c9e8de78 -> 
  custom:audio-decoder-ogg-vorbis: bf7c407c2cedff20999df2af8eb42d56 -> 
  custom:audio-encoder-webm-vorbis: bf7c407c2cedff20999df2af8eb42d56 -> 
========================================================================
Received Prepare
Registering precompiled user dll's ...
Registered in 0.014395 seconds.
Begin MonoManager ReloadAssembly
Native extension for WindowsStandalone target not found
Native extension for WebGL target not found
Refreshing native plugins compatible for Editor in 1.78 ms, found 3 plugins.
Preloading 0 native plugins for Editor in 0.00 ms.
System.NullReferenceException: Object reference not set to an instance of an object
  at WwiseObjectReference.FetchAssetsOfType (WwiseObjectType wwiseObjectType) [0x0004b] in C:\Users\fromhere1989\JohnLemon_WwiseIntegrationTemp\Assets\Wwise\API\Runtime\WwiseTypes\WwiseObjects\WwiseObjectReference.cs:145 
  at WwiseObjectReference.FindExistingWwiseObject (WwiseObjectType wwiseObjectType, System.Guid guid, System.String path) [0x00031] in C:\Users\fromhere1989\JohnLemon_WwiseIntegrationTemp\Assets\Wwise\API\Runtime\WwiseTypes\WwiseObjects\WwiseObjectReference.cs:121 
  at WwiseObjectReference.UpdateWwiseObject (WwiseObjectType wwiseObjectType, System.String name, System.Guid guid) [0x00012] in C:\Users\fromhere1989\JohnLemon_WwiseIntegrationTemp\Assets\Wwise\API\Runtime\WwiseTypes\WwiseObjects\WwiseObjectReference.cs:210 
  at AkWwiseWWUBuilder.FlagForInsertion (AkWwiseProjectData+AkBaseInformation info, WwiseObjectType type) [0x00035] in C:\Users\fromhere1989\JohnLemon\Assets\Wwise\API\Editor\WwiseWindows\AkWwiseWWUBuilder.cs:359 
  at AkWwiseWWUBuilder.AddElementToList (System.String in_currentPathInProj, System.Xml.XmlReader in_reader, AkWwiseWWUBuilder+AssetType in_type, System.Collections.Generic.LinkedList`1[T] in_pathAndIcons, System.Int32 in_wwuIndex, WwiseObjectType in_LeafType) [0x002fe] in C:\Users\fromhere1989\JohnLemon\Assets\Wwise\API\Editor\WwiseWindows\AkWwiseWWUBuilder.cs:740 
  at AkWwiseWWUBuilder.RecurseWorkUnit (AkWwiseWWUBuilder+AssetType in_type, System.IO.FileInfo in_workUnit, System.String in_currentPathInProj, System.String in_currentPhysicalPath, System.Collections.Generic.LinkedList`1[T] in_pathAndIcons, System.String in_parentPath) [0x00390] in C:\Users\fromhere1989\JohnLemon\Assets\Wwise\API\Editor\WwiseWindows\AkWwiseWWUBuilder.cs:256 
UnityEngine.StackTraceUtility:ExtractStackTrace ()
UnityEngine.DebugLogHandler:LogFormat (UnityEngine.LogType,UnityEngine.Object,string,object[])
UnityEngine.Logger:Log (UnityEngine.LogType,object)
UnityEngine.Debug:LogError (object)
AkWwiseWWUBuilder:RecurseWorkUnit (AkWwiseWWUBuilder/AssetType,System.IO.FileInfo,string,string,System.Collections.Generic.LinkedList`1<AkWwiseProjectData/PathElement>,string) (at Assets/Wwise/API/Editor/WwiseWindows/AkWwiseWWUBuilder.cs:268)
AkWwiseWWUBuilder:UpdateWorkUnit (string,string,string) (at Assets/Wwise/API/Editor/WwiseWindows/AkWwiseWWUBuilder.cs:896)
AkWwiseWWUBuilder:CreateWorkUnit (string,string,string) (at Assets/Wwise/API/Editor/WwiseWindows/AkWwiseWWUBuilder.cs:876)
AkWwiseWWUBuilder:UpdateFiles () (at Assets/Wwise/API/Editor/WwiseWindows/AkWwiseWWUBuilder.cs:483)
AkWwiseWWUBuilder:InitializeWwiseProjectData () (at Assets/Wwise/API/Editor/WwiseWindows/AkWwiseWWUBuilder.cs:84)
AkWwiseWWUBuilder:.cctor () (at Assets/Wwise/API/Editor/WwiseWindows/AkWwiseWWUBuilder.cs:29)
System.Runtime.CompilerServices.RuntimeHelpers:RunClassConstructor (System.RuntimeTypeHandle)
UnityEditor.EditorAssemblies:ProcessInitializeOnLoadAttributes (System.Type[])

(Filename: Assets/Wwise/API/Editor/WwiseWindows/AkWwiseWWUBuilder.cs Line: 268)

Mono: successfully reloaded assembly
- Completed reload, in  2.594 seconds
Domain Reload Profiling:
	ReloadAssembly (2595ms)
		BeginReloadAssembly (204ms)
			ExecutionOrderSort (0ms)
			DisableScriptedObjects (13ms)
			BackupInstance (0ms)
			ReleaseScriptingObjects (0ms)
			CreateAndSetChildDomain (72ms)
		EndReloadAssembly (2268ms)
			LoadAssemblies (179ms)
			RebuildTransferFunctionScriptingTraits (0ms)
			SetupTypeCache (612ms)
			ReleaseScriptCaches (2ms)
			RebuildScriptCaches (97ms)
			SetupLoadedEditorAssemblies (1142ms)
				LogAssemblyErrors (0ms)
				InitializePlatformSupportModulesInManaged (11ms)
				SetLoadedEditorAssemblies (1ms)
				RefreshPlugins (2ms)
				BeforeProcessingInitializeOnLoad (115ms)
				ProcessInitializeOnLoadAttributes (947ms)
				ProcessInitializeOnLoadMethodAttributes (59ms)
				AfterProcessingInitializeOnLoad (6ms)
				EditorAssembliesLoaded (0ms)
			ExecutionOrderSort2 (0ms)
			AwakeInstancesAfterBackupRestoration (15ms)
Platform modules already initialized, skipping
Refreshing native plugins compatible for Editor in 1.84 ms, found 3 plugins.
Preloading 0 native plugins for Editor in 0.00 ms.
Unloading 2289 Unused Serialized files (Serialized files now loaded: 0)
System memory in use before: 173.6 MB.
System memory in use after: 173.8 MB.

Unloading 84 unused Assets to reduce memory usage. Loaded Objects now: 2719.
Total: 7.475200 ms (FindLiveObjects: 0.317000 ms CreateObjectMapping: 0.169400 ms MarkObjects: 6.891100 ms  DeleteObjects: 0.095400 ms)

AssetImportParameters requested are different than current active one (requested -> active):
  custom:framework-win-MediaFoundation: 216162199b28c13a410421893ffa2e32 -> 
  custom:video-decoder-ogg-theora: a1e56fd34408186e4bbccfd4996cb3dc -> 
  custom:container-muxer-webm: aa71ff27fc2769a1b78a27578f13a17b -> 
  custom:container-demuxer-webm: 4f35f7cbe854078d1ac9338744f61a02 -> 
  custom:container-demuxer-ogg: 62fdf1f143b41e24485cea50d1cbac27 -> 
  custom:video-encoder-webm-vp8: eb34c28f22e8b96e1ab97ce403110664 -> 
  custom:video-decoder-webm-vp8: 9c59270c3fd7afecdb556c50c9e8de78 -> 
  custom:audio-decoder-ogg-vorbis: bf7c407c2cedff20999df2af8eb42d56 -> 
  custom:audio-encoder-webm-vorbis: bf7c407c2cedff20999df2af8eb42d56 -> 
========================================================================
Received Import Request.
  Time since last request: 3003.718668 seconds.
  path: Assets/Materials
  artifactKey: Guid(3f0f264239b4ea943937dd9d0fc60963) Importer(815301076,1909f56bfc062723c751e8b465ee728b)
Start importing Assets/Materials using Guid(3f0f264239b4ea943937dd9d0fc60963) Importer(815301076,1909f56bfc062723c751e8b465ee728b)  -> (artifact id: '7b01e3a74428b555a1019894974b99ae') in 0.009284 seconds 
  Import took 0.018013 seconds .

========================================================================
Received Import Request.
  Time since last request: 0.197150 seconds.
  path: Assets/Materials/Corridor
  artifactKey: Guid(9fa06ee7d138a7d4d995a442613c2f36) Importer(815301076,1909f56bfc062723c751e8b465ee728b)
Start importing Assets/Materials/Corridor using Guid(9fa06ee7d138a7d4d995a442613c2f36) Importer(815301076,1909f56bfc062723c751e8b465ee728b)  -> (artifact id: 'c3684e3f39e11a8bcf486df1fea2c35b') in 0.002241 seconds 
  Import took 0.008178 seconds .

========================================================================
Received Prepare
Registering precompiled user dll's ...
Registered in 0.014059 seconds.
Begin MonoManager ReloadAssembly
Native extension for WindowsStandalone target not found
Native extension for WebGL target not found
Refreshing native plugins compatible for Editor in 1.76 ms, found 3 plugins.
Preloading 0 native plugins for Editor in 0.00 ms.
Mono: successfully reloaded assembly
- Completed reload, in  2.466 seconds
Domain Reload Profiling:
	ReloadAssembly (2467ms)
		BeginReloadAssembly (197ms)
			ExecutionOrderSort (0ms)
			DisableScriptedObjects (12ms)
			BackupInstance (0ms)
			ReleaseScriptingObjects (0ms)
			CreateAndSetChildDomain (68ms)
		EndReloadAssembly (2151ms)
			LoadAssemblies (175ms)
			RebuildTransferFunctionScriptingTraits (0ms)
			SetupTypeCache (597ms)
			ReleaseScriptCaches (1ms)
			RebuildScriptCaches (94ms)
			SetupLoadedEditorAssemblies (1051ms)
				LogAssemblyErrors (0ms)
				InitializePlatformSupportModulesInManaged (10ms)
				SetLoadedEditorAssemblies (1ms)
				RefreshPlugins (2ms)
				BeforeProcessingInitializeOnLoad (117ms)
				ProcessInitializeOnLoadAttributes (852ms)
				ProcessInitializeOnLoadMethodAttributes (62ms)
				AfterProcessingInitializeOnLoad (6ms)
				EditorAssembliesLoaded (0ms)
			ExecutionOrderSort2 (0ms)
			AwakeInstancesAfterBackupRestoration (14ms)
Platform modules already initialized, skipping
Refreshing native plugins compatible for Editor in 1.77 ms, found 3 plugins.
Preloading 0 native plugins for Editor in 0.00 ms.
Unloading 2288 Unused Serialized files (Serialized files now loaded: 0)
System memory in use before: 173.0 MB.
System memory in use after: 173.2 MB.

Unloading 83 unused Assets to reduce memory usage. Loaded Objects now: 2721.
Total: 5.875800 ms (FindLiveObjects: 0.281000 ms CreateObjectMapping: 0.170300 ms MarkObjects: 5.371600 ms  DeleteObjects: 0.051200 ms)

AssetImportParameters requested are different than current active one (requested -> active):
  custom:framework-win-MediaFoundation: 216162199b28c13a410421893ffa2e32 -> 
  custom:video-decoder-ogg-theora: a1e56fd34408186e4bbccfd4996cb3dc -> 
  custom:container-muxer-webm: aa71ff27fc2769a1b78a27578f13a17b -> 
  custom:container-demuxer-webm: 4f35f7cbe854078d1ac9338744f61a02 -> 
  custom:container-demuxer-ogg: 62fdf1f143b41e24485cea50d1cbac27 -> 
  custom:video-encoder-webm-vp8: eb34c28f22e8b96e1ab97ce403110664 -> 
  custom:video-decoder-webm-vp8: 9c59270c3fd7afecdb556c50c9e8de78 -> 
  custom:audio-decoder-ogg-vorbis: bf7c407c2cedff20999df2af8eb42d56 -> 
  custom:audio-encoder-webm-vorbis: bf7c407c2cedff20999df2af8eb42d56 -> 
========================================================================
Received Prepare
Registering precompiled user dll's ...
Registered in 0.013660 seconds.
Begin MonoManager ReloadAssembly
Native extension for WindowsStandalone target not found
Native extension for WebGL target not found
Refreshing native plugins compatible for Editor in 1.83 ms, found 3 plugins.
Preloading 0 native plugins for Editor in 0.00 ms.
System.NullReferenceException: Object reference not set to an instance of an object
  at WwiseObjectReference.FetchAssetsOfType (WwiseObjectType wwiseObjectType) [0x0004b] in C:\Users\fromhere1989\JohnLemon_WwiseIntegrationTemp\Assets\Wwise\API\Runtime\WwiseTypes\WwiseObjects\WwiseObjectReference.cs:145 
  at WwiseObjectReference.FindExistingWwiseObject (WwiseObjectType wwiseObjectType, System.Guid guid, System.String path) [0x00031] in C:\Users\fromhere1989\JohnLemon_WwiseIntegrationTemp\Assets\Wwise\API\Runtime\WwiseTypes\WwiseObjects\WwiseObjectReference.cs:121 
  at WwiseObjectReference.UpdateWwiseObject (WwiseObjectType wwiseObjectType, System.String name, System.Guid guid) [0x00012] in C:\Users\fromhere1989\JohnLemon_WwiseIntegrationTemp\Assets\Wwise\API\Runtime\WwiseTypes\WwiseObjects\WwiseObjectReference.cs:210 
  at AkWwiseWWUBuilder.FlagForInsertion (AkWwiseProjectData+AkBaseInformation info, WwiseObjectType type) [0x00035] in C:\Users\fromhere1989\JohnLemon\Assets\Wwise\API\Editor\WwiseWindows\AkWwiseWWUBuilder.cs:359 
  at AkWwiseWWUBuilder.AddElementToList (System.String in_currentPathInProj, System.Xml.XmlReader in_reader, AkWwiseWWUBuilder+AssetType in_type, System.Collections.Generic.LinkedList`1[T] in_pathAndIcons, System.Int32 in_wwuIndex, WwiseObjectType in_LeafType) [0x000aa] in C:\Users\fromhere1989\JohnLemon\Assets\Wwise\API\Editor\WwiseWindows\AkWwiseWWUBuilder.cs:665 
  at AkWwiseWWUBuilder.RecurseWorkUnit (AkWwiseWWUBuilder+AssetType in_type, System.IO.FileInfo in_workUnit, System.String in_currentPathInProj, System.String in_currentPhysicalPath, System.Collections.Generic.LinkedList`1[T] in_pathAndIcons, System.String in_parentPath) [0x00390] in C:\Users\fromhere1989\JohnLemon\Assets\Wwise\API\Editor\WwiseWindows\AkWwiseWWUBuilder.cs:256 
UnityEngine.StackTraceUtility:ExtractStackTrace ()
UnityEngine.DebugLogHandler:LogFormat (UnityEngine.LogType,UnityEngine.Object,string,object[])
UnityEngine.Logger:Log (UnityEngine.LogType,object)
UnityEngine.Debug:LogError (object)
AkWwiseWWUBuilder:RecurseWorkUnit (AkWwiseWWUBuilder/AssetType,System.IO.FileInfo,string,string,System.Collections.Generic.LinkedList`1<AkWwiseProjectData/PathElement>,string) (at Assets/Wwise/API/Editor/WwiseWindows/AkWwiseWWUBuilder.cs:268)
AkWwiseWWUBuilder:UpdateWorkUnit (string,string,string) (at Assets/Wwise/API/Editor/WwiseWindows/AkWwiseWWUBuilder.cs:896)
AkWwiseWWUBuilder:CreateWorkUnit (string,string,string) (at Assets/Wwise/API/Editor/WwiseWindows/AkWwiseWWUBuilder.cs:876)
AkWwiseWWUBuilder:UpdateFiles () (at Assets/Wwise/API/Editor/WwiseWindows/AkWwiseWWUBuilder.cs:483)
AkWwiseWWUBuilder:InitializeWwiseProjectData () (at Assets/Wwise/API/Editor/WwiseWindows/AkWwiseWWUBuilder.cs:84)
AkWwiseWWUBuilder:.cctor () (at Assets/Wwise/API/Editor/WwiseWindows/AkWwiseWWUBuilder.cs:29)
System.Runtime.CompilerServices.RuntimeHelpers:RunClassConstructor (System.RuntimeTypeHandle)
UnityEditor.EditorAssemblies:ProcessInitializeOnLoadAttributes (System.Type[])

(Filename: Assets/Wwise/API/Editor/WwiseWindows/AkWwiseWWUBuilder.cs Line: 268)

System.NullReferenceException: Object reference not set to an instance of an object
  at WwiseObjectReference.FetchAssetsOfType (WwiseObjectType wwiseObjectType) [0x0004b] in C:\Users\fromhere1989\JohnLemon_WwiseIntegrationTemp\Assets\Wwise\API\Runtime\WwiseTypes\WwiseObjects\WwiseObjectReference.cs:145 
  at WwiseObjectReference.FindExistingWwiseObject (WwiseObjectType wwiseObjectType, System.Guid guid, System.String path) [0x00031] in C:\Users\fromhere1989\JohnLemon_WwiseIntegrationTemp\Assets\Wwise\API\Runtime\WwiseTypes\WwiseObjects\WwiseObjectReference.cs:121 
  at WwiseObjectReference.UpdateWwiseObject (WwiseObjectType wwiseObjectType, System.String name, System.Guid guid) [0x00012] in C:\Users\fromhere1989\JohnLemon_WwiseIntegrationTemp\Assets\Wwise\API\Runtime\WwiseTypes\WwiseObjects\WwiseObjectReference.cs:210 
  at AkWwiseWWUBuilder.FlagForInsertion (AkWwiseProjectData+AkBaseInformation info, WwiseObjectType type) [0x00035] in C:\Users\fromhere1989\JohnLemon\Assets\Wwise\API\Editor\WwiseWindows\AkWwiseWWUBuilder.cs:359 
  at AkWwiseWWUBuilder.AddElementToList (System.String in_currentPathInProj, System.Xml.XmlReader in_reader, AkWwiseWWUBuilder+AssetType in_type, System.Collections.Generic.LinkedList`1[T] in_pathAndIcons, System.Int32 in_wwuIndex, WwiseObjectType in_LeafType) [0x000aa] in C:\Users\fromhere1989\JohnLemon\Assets\Wwise\API\Editor\WwiseWindows\AkWwiseWWUBuilder.cs:665 
  at AkWwiseWWUBuilder.RecurseWorkUnit (AkWwiseWWUBuilder+AssetType in_type, System.IO.FileInfo in_workUnit, System.String in_currentPathInProj, System.String in_currentPhysicalPath, System.Collections.Generic.LinkedList`1[T] in_pathAndIcons, System.String in_parentPath) [0x00390] in C:\Users\fromhere1989\JohnLemon\Assets\Wwise\API\Editor\WwiseWindows\AkWwiseWWUBuilder.cs:256 
UnityEngine.StackTraceUtility:ExtractStackTrace ()
UnityEngine.DebugLogHandler:LogFormat (UnityEngine.LogType,UnityEngine.Object,string,object[])
UnityEngine.Logger:Log (UnityEngine.LogType,object)
UnityEngine.Debug:LogError (object)
AkWwiseWWUBuilder:RecurseWorkUnit (AkWwiseWWUBuilder/AssetType,System.IO.FileInfo,string,string,System.Collections.Generic.LinkedList`1<AkWwiseProjectData/PathElement>,string) (at Assets/Wwise/API/Editor/WwiseWindows/AkWwiseWWUBuilder.cs:268)
AkWwiseWWUBuilder:UpdateWorkUnit (string,string,string) (at Assets/Wwise/API/Editor/WwiseWindows/AkWwiseWWUBuilder.cs:896)
AkWwiseWWUBuilder:CreateWorkUnit (string,string,string) (at Assets/Wwise/API/Editor/WwiseWindows/AkWwiseWWUBuilder.cs:876)
AkWwiseWWUBuilder:UpdateFiles () (at Assets/Wwise/API/Editor/WwiseWindows/AkWwiseWWUBuilder.cs:483)
AkWwiseWWUBuilder:InitializeWwiseProjectData () (at Assets/Wwise/API/Editor/WwiseWindows/AkWwiseWWUBuilder.cs:84)
AkWwiseWWUBuilder:.cctor () (at Assets/Wwise/API/Editor/WwiseWindows/AkWwiseWWUBuilder.cs:29)
System.Runtime.CompilerServices.RuntimeHelpers:RunClassConstructor (System.RuntimeTypeHandle)
UnityEditor.EditorAssemblies:ProcessInitializeOnLoadAttributes (System.Type[])

(Filename: Assets/Wwise/API/Editor/WwiseWindows/AkWwiseWWUBuilder.cs Line: 268)

Mono: successfully reloaded assembly
- Completed reload, in  2.597 seconds
Domain Reload Profiling:
	ReloadAssembly (2598ms)
		BeginReloadAssembly (197ms)
			ExecutionOrderSort (0ms)
			DisableScriptedObjects (12ms)
			BackupInstance (0ms)
			ReleaseScriptingObjects (0ms)
			CreateAndSetChildDomain (66ms)
		EndReloadAssembly (2281ms)
			LoadAssemblies (174ms)
			RebuildTransferFunctionScriptingTraits (0ms)
			SetupTypeCache (590ms)
			ReleaseScriptCaches (2ms)
			RebuildScriptCaches (91ms)
			SetupLoadedEditorAssemblies (1190ms)
				LogAssemblyErrors (0ms)
				InitializePlatformSupportModulesInManaged (11ms)
				SetLoadedEditorAssemblies (1ms)
				RefreshPlugins (2ms)
				BeforeProcessingInitializeOnLoad (117ms)
				ProcessInitializeOnLoadAttributes (983ms)
				ProcessInitializeOnLoadMethodAttributes (69ms)
				AfterProcessingInitializeOnLoad (7ms)
				EditorAssembliesLoaded (0ms)
			ExecutionOrderSort2 (0ms)
			AwakeInstancesAfterBackupRestoration (16ms)
Platform modules already initialized, skipping
Refreshing native plugins compatible for Editor in 1.75 ms, found 3 plugins.
Preloading 0 native plugins for Editor in 0.00 ms.
Unloading 2290 Unused Serialized files (Serialized files now loaded: 0)
System memory in use before: 173.7 MB.
System memory in use after: 173.9 MB.

Unloading 85 unused Assets to reduce memory usage. Loaded Objects now: 2723.
Total: 7.071700 ms (FindLiveObjects: 0.291700 ms CreateObjectMapping: 0.210800 ms MarkObjects: 6.508700 ms  DeleteObjects: 0.058100 ms)

AssetImportParameters requested are different than current active one (requested -> active):
  custom:framework-win-MediaFoundation: 216162199b28c13a410421893ffa2e32 -> 
  custom:video-decoder-ogg-theora: a1e56fd34408186e4bbccfd4996cb3dc -> 
  custom:container-muxer-webm: aa71ff27fc2769a1b78a27578f13a17b -> 
  custom:container-demuxer-webm: 4f35f7cbe854078d1ac9338744f61a02 -> 
  custom:container-demuxer-ogg: 62fdf1f143b41e24485cea50d1cbac27 -> 
  custom:video-encoder-webm-vp8: eb34c28f22e8b96e1ab97ce403110664 -> 
  custom:video-decoder-webm-vp8: 9c59270c3fd7afecdb556c50c9e8de78 -> 
  custom:audio-decoder-ogg-vorbis: bf7c407c2cedff20999df2af8eb42d56 -> 
  custom:audio-encoder-webm-vorbis: bf7c407c2cedff20999df2af8eb42d56 -> 
========================================================================
Received Prepare
Registering precompiled user dll's ...
Registered in 0.013923 seconds.
Begin MonoManager ReloadAssembly
Native extension for WindowsStandalone target not found
Native extension for WebGL target not found
Refreshing native plugins compatible for Editor in 1.88 ms, found 3 plugins.
Preloading 0 native plugins for Editor in 0.00 ms.
Mono: successfully reloaded assembly
- Completed reload, in  2.476 seconds
Domain Reload Profiling:
	ReloadAssembly (2477ms)
		BeginReloadAssembly (192ms)
			ExecutionOrderSort (0ms)
			DisableScriptedObjects (12ms)
			BackupInstance (0ms)
			ReleaseScriptingObjects (0ms)
			CreateAndSetChildDomain (66ms)
		EndReloadAssembly (2163ms)
			LoadAssemblies (180ms)
			RebuildTransferFunctionScriptingTraits (0ms)
			SetupTypeCache (587ms)
			ReleaseScriptCaches (1ms)
			RebuildScriptCaches (90ms)
			SetupLoadedEditorAssemblies (1060ms)
				LogAssemblyErrors (0ms)
				InitializePlatformSupportModulesInManaged (12ms)
				SetLoadedEditorAssemblies (1ms)
				RefreshPlugins (2ms)
				BeforeProcessingInitializeOnLoad (117ms)
				ProcessInitializeOnLoadAttributes (857ms)
				ProcessInitializeOnLoadMethodAttributes (63ms)
				AfterProcessingInitializeOnLoad (7ms)
				EditorAssembliesLoaded (0ms)
			ExecutionOrderSort2 (0ms)
			AwakeInstancesAfterBackupRestoration (15ms)
Platform modules already initialized, skipping
Refreshing native plugins compatible for Editor in 1.73 ms, found 3 plugins.
Preloading 0 native plugins for Editor in 0.00 ms.
Unloading 2288 Unused Serialized files (Serialized files now loaded: 0)
System memory in use before: 173.1 MB.
System memory in use after: 173.4 MB.

Unloading 83 unused Assets to reduce memory usage. Loaded Objects now: 2725.
Total: 5.855500 ms (FindLiveObjects: 0.249200 ms CreateObjectMapping: 0.155200 ms MarkObjects: 5.396800 ms  DeleteObjects: 0.052600 ms)

AssetImportParameters requested are different than current active one (requested -> active):
  custom:framework-win-MediaFoundation: 216162199b28c13a410421893ffa2e32 -> 
  custom:video-decoder-ogg-theora: a1e56fd34408186e4bbccfd4996cb3dc -> 
  custom:container-muxer-webm: aa71ff27fc2769a1b78a27578f13a17b -> 
  custom:container-demuxer-webm: 4f35f7cbe854078d1ac9338744f61a02 -> 
  custom:container-demuxer-ogg: 62fdf1f143b41e24485cea50d1cbac27 -> 
  custom:video-encoder-webm-vp8: eb34c28f22e8b96e1ab97ce403110664 -> 
  custom:video-decoder-webm-vp8: 9c59270c3fd7afecdb556c50c9e8de78 -> 
  custom:audio-decoder-ogg-vorbis: bf7c407c2cedff20999df2af8eb42d56 -> 
  custom:audio-encoder-webm-vorbis: bf7c407c2cedff20999df2af8eb42d56 -> 
========================================================================
Received Prepare
Registering precompiled user dll's ...
Registered in 0.012161 seconds.
Begin MonoManager ReloadAssembly
Native extension for WindowsStandalone target not found
Native extension for WebGL target not found
Refreshing native plugins compatible for Editor in 1.96 ms, found 3 plugins.
Preloading 0 native plugins for Editor in 0.00 ms.
Mono: successfully reloaded assembly
- Completed reload, in  2.458 seconds
Domain Reload Profiling:
	ReloadAssembly (2459ms)
		BeginReloadAssembly (191ms)
			ExecutionOrderSort (0ms)
			DisableScriptedObjects (13ms)
			BackupInstance (0ms)
			ReleaseScriptingObjects (0ms)
			CreateAndSetChildDomain (64ms)
		EndReloadAssembly (2147ms)
			LoadAssemblies (173ms)
			RebuildTransferFunctionScriptingTraits (0ms)
			SetupTypeCache (598ms)
			ReleaseScriptCaches (2ms)
			RebuildScriptCaches (85ms)
			SetupLoadedEditorAssemblies (1057ms)
				LogAssemblyErrors (0ms)
				InitializePlatformSupportModulesInManaged (11ms)
				SetLoadedEditorAssemblies (1ms)
				RefreshPlugins (2ms)
				BeforeProcessingInitializeOnLoad (118ms)
				ProcessInitializeOnLoadAttributes (861ms)
				ProcessInitializeOnLoadMethodAttributes (57ms)
				AfterProcessingInitializeOnLoad (6ms)
				EditorAssembliesLoaded (0ms)
			ExecutionOrderSort2 (0ms)
			AwakeInstancesAfterBackupRestoration (14ms)
Platform modules already initialized, skipping
Refreshing native plugins compatible for Editor in 1.72 ms, found 3 plugins.
Preloading 0 native plugins for Editor in 0.00 ms.
Unloading 2288 Unused Serialized files (Serialized files now loaded: 0)
System memory in use before: 173.2 MB.
System memory in use after: 173.4 MB.

Unloading 83 unused Assets to reduce memory usage. Loaded Objects now: 2727.
Total: 7.246300 ms (FindLiveObjects: 0.362600 ms CreateObjectMapping: 0.218800 ms MarkObjects: 6.596000 ms  DeleteObjects: 0.066700 ms)

AssetImportParameters requested are different than current active one (requested -> active):
  custom:framework-win-MediaFoundation: 216162199b28c13a410421893ffa2e32 -> 
  custom:video-decoder-ogg-theora: a1e56fd34408186e4bbccfd4996cb3dc -> 
  custom:container-muxer-webm: aa71ff27fc2769a1b78a27578f13a17b -> 
  custom:container-demuxer-webm: 4f35f7cbe854078d1ac9338744f61a02 -> 
  custom:container-demuxer-ogg: 62fdf1f143b41e24485cea50d1cbac27 -> 
  custom:video-encoder-webm-vp8: eb34c28f22e8b96e1ab97ce403110664 -> 
  custom:video-decoder-webm-vp8: 9c59270c3fd7afecdb556c50c9e8de78 -> 
  custom:audio-decoder-ogg-vorbis: bf7c407c2cedff20999df2af8eb42d56 -> 
  custom:audio-encoder-webm-vorbis: bf7c407c2cedff20999df2af8eb42d56 -> 
========================================================================
Received Prepare
Registering precompiled user dll's ...
Registered in 0.014092 seconds.
Begin MonoManager ReloadAssembly
Native extension for WindowsStandalone target not found
Native extension for WebGL target not found
Refreshing native plugins compatible for Editor in 1.75 ms, found 3 plugins.
Preloading 0 native plugins for Editor in 0.00 ms.
Mono: successfully reloaded assembly
- Completed reload, in  2.392 seconds
Domain Reload Profiling:
	ReloadAssembly (2393ms)
		BeginReloadAssembly (190ms)
			ExecutionOrderSort (0ms)
			DisableScriptedObjects (12ms)
			BackupInstance (0ms)
			ReleaseScriptingObjects (0ms)
			CreateAndSetChildDomain (66ms)
		EndReloadAssembly (2085ms)
			LoadAssemblies (169ms)
			RebuildTransferFunctionScriptingTraits (0ms)
			SetupTypeCache (555ms)
			ReleaseScriptCaches (1ms)
			RebuildScriptCaches (87ms)
			SetupLoadedEditorAssemblies (1046ms)
				LogAssemblyErrors (0ms)
				InitializePlatformSupportModulesInManaged (11ms)
				SetLoadedEditorAssemblies (1ms)
				RefreshPlugins (2ms)
				BeforeProcessingInitializeOnLoad (116ms)
				ProcessInitializeOnLoadAttributes (849ms)
				ProcessInitializeOnLoadMethodAttributes (59ms)
				AfterProcessingInitializeOnLoad (7ms)
				EditorAssembliesLoaded (0ms)
			ExecutionOrderSort2 (0ms)
			AwakeInstancesAfterBackupRestoration (14ms)
Platform modules already initialized, skipping
Refreshing native plugins compatible for Editor in 1.97 ms, found 3 plugins.
Preloading 0 native plugins for Editor in 0.00 ms.
Unloading 2288 Unused Serialized files (Serialized files now loaded: 0)
System memory in use before: 173.2 MB.
System memory in use after: 173.4 MB.

Unloading 83 unused Assets to reduce memory usage. Loaded Objects now: 2729.
Total: 5.729100 ms (FindLiveObjects: 0.259200 ms CreateObjectMapping: 0.156500 ms MarkObjects: 5.260500 ms  DeleteObjects: 0.050900 ms)

AssetImportParameters requested are different than current active one (requested -> active):
  custom:framework-win-MediaFoundation: 216162199b28c13a410421893ffa2e32 -> 
  custom:video-decoder-ogg-theora: a1e56fd34408186e4bbccfd4996cb3dc -> 
  custom:container-muxer-webm: aa71ff27fc2769a1b78a27578f13a17b -> 
  custom:container-demuxer-webm: 4f35f7cbe854078d1ac9338744f61a02 -> 
  custom:container-demuxer-ogg: 62fdf1f143b41e24485cea50d1cbac27 -> 
  custom:video-encoder-webm-vp8: eb34c28f22e8b96e1ab97ce403110664 -> 
  custom:video-decoder-webm-vp8: 9c59270c3fd7afecdb556c50c9e8de78 -> 
  custom:audio-decoder-ogg-vorbis: bf7c407c2cedff20999df2af8eb42d56 -> 
  custom:audio-encoder-webm-vorbis: bf7c407c2cedff20999df2af8eb42d56 -> 
AssetImportWorkerClient::OnTransportError - code=2 error=End of file
